# JRE version: OpenJDK Runtime Environment Temurin-17.0.5+8 (17.0.5+8) (build 17.0.5+8)
# Java VM: OpenJDK 64-Bit Server VM Temurin-17.0.5+8 (17.0.5+8, mixed mode, emulated-client, tiered, compressed oops, compressed class ptrs, g1 gc, windows-amd64)
GC Precious Log:
 CPUs: 8 total, 8 available
 Memory: 7965M
 Large Page Support: Disabled
 NUMA Support: Disabled
 Compressed Oops: Enabled (32-bit)
 Heap Region Size: 1M
 Heap Min Capacity: 8M
 Heap Initial Capacity: 126M
 Heap Max Capacity: 1992M
 Pre-touch: Disabled
 Parallel Workers: 8
 Concurrent Workers: 2
 Concurrent Refinement Workers: 8
 Periodic GC: Disabled
Heap:
 garbage-first heap   total 245760K, used 89819K [0x0000000083800000, 0x0000000100000000)
  region size 1024K, 1 young (1024K), 0 survivors (0K)
 Metaspace       used 68660K, committed 69056K, reserved 1114112K
  class space    used 9331K, committed 9536K, reserved 1048576K
GC Heap History (20 events):
Event: 920.103 GC heap before
{Heap before GC invocations=92 (full 53):
 garbage-first heap   total 245760K, used 73393K [0x0000000083800000, 0x0000000100000000)
  region size 1024K, 1 young (1024K), 0 survivors (0K)
 Metaspace       used 68543K, committed 68928K, reserved 1114112K
  class space    used 9303K, committed 9472K, reserved 1048576K
}
Event: 920.143 GC heap after
{Heap after GC invocations=93 (full 54):
 garbage-first heap   total 245760K, used 73390K [0x0000000083800000, 0x0000000100000000)
  region size 1024K, 0 young (0K), 0 survivors (0K)
 Metaspace       used 68543K, committed 68928K, reserved 1114112K
  class space    used 9303K, committed 9472K, reserved 1048576K
}
Event: 930.359 GC heap before
{Heap before GC invocations=93 (full 54):
 garbage-first heap   total 245760K, used 73390K [0x0000000083800000, 0x0000000100000000)
  region size 1024K, 1 young (1024K), 0 survivors (0K)
 Metaspace       used 68543K, committed 68928K, reserved 1114112K
  class space    used 9303K, committed 9472K, reserved 1048576K
}
Event: 930.413 GC heap after
{Heap after GC invocations=94 (full 55):
 garbage-first heap   total 245760K, used 73390K [0x0000000083800000, 0x0000000100000000)
  region size 1024K, 0 young (0K), 0 survivors (0K)
 Metaspace       used 68543K, committed 68928K, reserved 1114112K
  class space    used 9303K, committed 9472K, reserved 1048576K
}
Event: 940.870 GC heap before
{Heap before GC invocations=94 (full 55):
 garbage-first heap   total 245760K, used 73390K [0x0000000083800000, 0x0000000100000000)
  region size 1024K, 1 young (1024K), 0 survivors (0K)
 Metaspace       used 68543K, committed 68928K, reserved 1114112K
  class space    used 9303K, committed 9472K, reserved 1048576K
}
Event: 940.965 GC heap after
{Heap after GC invocations=95 (full 56):
 garbage-first heap   total 245760K, used 73390K [0x0000000083800000, 0x0000000100000000)
  region size 1024K, 0 young (0K), 0 survivors (0K)
 Metaspace       used 68543K, committed 68928K, reserved 1114112K
  class space    used 9303K, committed 9472K, reserved 1048576K
}
Event: 951.129 GC heap before
{Heap before GC invocations=95 (full 56):
 garbage-first heap   total 245760K, used 73390K [0x0000000083800000, 0x0000000100000000)
  region size 1024K, 1 young (1024K), 0 survivors (0K)
 Metaspace       used 68543K, committed 68928K, reserved 1114112K
  class space    used 9303K, committed 9472K, reserved 1048576K
}
Event: 951.179 GC heap after
{Heap after GC invocations=96 (full 57):
 garbage-first heap   total 245760K, used 73390K [0x0000000083800000, 0x0000000100000000)
  region size 1024K, 0 young (0K), 0 survivors (0K)
 Metaspace       used 68543K, committed 68928K, reserved 1114112K
  class space    used 9303K, committed 9472K, reserved 1048576K
}
Event: 961.394 GC heap before
{Heap before GC invocations=96 (full 57):
 garbage-first heap   total 245760K, used 73390K [0x0000000083800000, 0x0000000100000000)
  region size 1024K, 1 young (1024K), 0 survivors (0K)
 Metaspace       used 68543K, committed 68928K, reserved 1114112K
  class space    used 9303K, committed 9472K, reserved 1048576K
}
Event: 961.437 GC heap after
{Heap after GC invocations=97 (full 58):
 garbage-first heap   total 245760K, used 72997K [0x0000000083800000, 0x0000000100000000)
  region size 1024K, 0 young (0K), 0 survivors (0K)
 Metaspace       used 68538K, committed 68928K, reserved 1114112K
  class space    used 9302K, committed 9472K, reserved 1048576K
}
Event: 971.621 GC heap before
{Heap before GC invocations=97 (full 58):
 garbage-first heap   total 245760K, used 72997K [0x0000000083800000, 0x0000000100000000)
  region size 1024K, 1 young (1024K), 0 survivors (0K)
 Metaspace       used 68538K, committed 68928K, reserved 1114112K
  class space    used 9302K, committed 9472K, reserved 1048576K
}
Event: 971.681 GC heap after
{Heap after GC invocations=98 (full 59):
 garbage-first heap   total 245760K, used 72997K [0x0000000083800000, 0x0000000100000000)
  region size 1024K, 0 young (0K), 0 survivors (0K)
 Metaspace       used 68538K, committed 68928K, reserved 1114112K
  class space    used 9302K, committed 9472K, reserved 1048576K
}
Event: 982.128 GC heap before
{Heap before GC invocations=98 (full 59):
 garbage-first heap   total 245760K, used 72997K [0x0000000083800000, 0x0000000100000000)
  region size 1024K, 1 young (1024K), 0 survivors (0K)
 Metaspace       used 68538K, committed 68928K, reserved 1114112K
  class space    used 9302K, committed 9472K, reserved 1048576K
}
Event: 982.238 GC heap after
{Heap after GC invocations=99 (full 60):
 garbage-first heap   total 245760K, used 72996K [0x0000000083800000, 0x0000000100000000)
  region size 1024K, 0 young (0K), 0 survivors (0K)
 Metaspace       used 68538K, committed 68928K, reserved 1114112K
  class space    used 9302K, committed 9472K, reserved 1048576K
}
Event: 992.580 GC heap before
{Heap before GC invocations=99 (full 60):
 garbage-first heap   total 245760K, used 72996K [0x0000000083800000, 0x0000000100000000)
  region size 1024K, 1 young (1024K), 0 survivors (0K)
 Metaspace       used 68538K, committed 68928K, reserved 1114112K
  class space    used 9302K, committed 9472K, reserved 1048576K
}
Event: 992.638 GC heap after
{Heap after GC invocations=100 (full 61):
 garbage-first heap   total 245760K, used 72996K [0x0000000083800000, 0x0000000100000000)
  region size 1024K, 0 young (0K), 0 survivors (0K)
 Metaspace       used 68538K, committed 68928K, reserved 1114112K
  class space    used 9302K, committed 9472K, reserved 1048576K
}
Event: 1034.366 GC heap before
{Heap before GC invocations=100 (full 61):
 garbage-first heap   total 245760K, used 172324K [0x0000000083800000, 0x0000000100000000)
  region size 1024K, 97 young (99328K), 0 survivors (0K)
 Metaspace       used 68636K, committed 69056K, reserved 1114112K
  class space    used 9322K, committed 9536K, reserved 1048576K
}
Event: 1034.382 GC heap after
{Heap after GC invocations=101 (full 61):
 garbage-first heap   total 245760K, used 84377K [0x0000000083800000, 0x0000000100000000)
  region size 1024K, 12 young (12288K), 12 survivors (12288K)
 Metaspace       used 68636K, committed 69056K, reserved 1114112K
  class space    used 9322K, committed 9536K, reserved 1048576K
}
Event: 1133.314 GC heap before
{Heap before GC invocations=101 (full 61):
 garbage-first heap   total 245760K, used 143769K [0x0000000083800000, 0x0000000100000000)
  region size 1024K, 68 young (69632K), 12 survivors (12288K)
 Metaspace       used 68660K, committed 69056K, reserved 1114112K
  class space    used 9331K, committed 9536K, reserved 1048576K
}
Event: 1133.468 GC heap after
{Heap after GC invocations=102 (full 62):
 garbage-first heap   total 245760K, used 89819K [0x0000000083800000, 0x0000000100000000)
  region size 1024K, 0 young (0K), 0 survivors (0K)
 Metaspace       used 68660K, committed 69056K, reserved 1114112K
  class space    used 9331K, committed 9536K, reserved 1048576K
}

